<?xml version="1.0" encoding="UTF-8"?>
<!-- Generated by org.testng.reporters.JUnitReportReporter -->
<testsuite hostname="DESKTOP-5VJNL8D" failures="0" tests="2" name="com.LMSAPI.Runner.UserAPIRunner" time="5.207" errors="0" timestamp="2024-03-28T22:59:12 EDT" skipped="0">
  <testcase classname="com.LMSAPI.Runner.UserAPIRunner" name="runScenario" time="4.341"/>
  <system-out/>
  <testcase classname="com.LMSAPI.Runner.UserAPIRunner" name="runScenario" time="0.866"/>
  <system-out/>
</testsuite> <!-- com.LMSAPI.Runner.UserAPIRunner -->
